This file contains any messages produced by compilers while
running configure, to aid debugging if configure makes a mistake.

It was created by PB configure 1.0, which was
generated by GNU Autoconf 2.69.  Invocation command line was

  $ ./configure 

## --------- ##
## Platform. ##
## --------- ##

hostname = cardiac
uname -m = x86_64
uname -r = 3.11.10-29-desktop
uname -s = Linux
uname -v = #1 SMP PREEMPT Thu Mar 5 16:24:00 UTC 2015 (338c513)

/usr/bin/uname -p = x86_64
/bin/uname -X     = unknown

/bin/arch              = x86_64
/usr/bin/arch -k       = unknown
/usr/convex/getsysinfo = unknown
/usr/bin/hostinfo      = unknown
/bin/machine           = unknown
/usr/bin/oslevel       = unknown
/bin/universe          = unknown

PATH: /opt/intel/composer_xe_2015.1.133/bin/intel64
PATH: /opt/intel/composer_xe_2015.1.133/ipp/include
PATH: /opt/intel/composer_xe_2015.1.133/debugger/gdb/intel64_mic/bin
PATH: /usr/lib64/mpi/gcc/openmpi/bin
PATH: /home/tsumoto/bin
PATH: /usr/local/bin
PATH: /usr/bin
PATH: /bin
PATH: /usr/games
PATH: /usr/X11R6/bin
PATH: /usr/bin/X11
PATH: /opt/kde3/bin
PATH: .
PATH: /sbin
PATH: /usr/local/gcc/bin
PATH: /bin
PATH: /usr/bin
PATH: /usr/sbin
PATH: /usr/local/bin
PATH: /opt/intel/bin
PATH: /home/tsumoto/bin
PATH: .
PATH: /sbin
PATH: /usr/local/gcc/bin
PATH: /bin
PATH: /usr/bin
PATH: /usr/sbin
PATH: /usr/local/bin
PATH: /opt/intel/bin
PATH: /home/tsumoto/bin


## ----------- ##
## Core tests. ##
## ----------- ##

configure:2235: checking for a BSD-compatible install
configure:2303: result: /usr/bin/install -c
configure:2314: checking whether build environment is sane
configure:2369: result: yes
configure:2407: WARNING: 'missing' script is too old or missing
configure:2520: checking for a thread-safe mkdir -p
configure:2559: result: /usr/bin/mkdir -p
configure:2566: checking for gawk
configure:2582: found /usr/bin/gawk
configure:2593: result: gawk
configure:2604: checking whether make sets $(MAKE)
configure:2626: result: yes
configure:2655: checking whether make supports nested variables
configure:2672: result: yes
configure:2815: checking for icc
configure:2831: found /opt/intel/composer_xe_2015.1.133/bin/intel64/icc
configure:2842: result: icc
configure:2873: checking for C compiler version
configure:2882: icc --version >&5
icc (ICC) 15.0.1 20141023
(C) 1985-2014 Intel Corporation.  無断での引用、転載を禁じます。

configure:2893: $? = 0
configure:2882: icc -v >&5
icc バージョン 15.0.1 (gcc バージョン 4.8.0 互換)
configure:2893: $? = 0
configure:2882: icc -V >&5
インテル(R) 64 対応インテル(R) C コンパイラー XE (インテル(R) 64 対応アプリケーション用)、バージョン 15.0.1.133 ビルド 20141023
(C) 1985-2014 Intel Corporation.  無断での引用、転載を禁じます。

configure:2893: $? = 0
configure:2882: icc -qversion >&5
icc: コマンドライン警告 #10006: 不明なオプション '-qversion' を無視します。
icc: コマンドライン・エラー: ファイルが指定されていません; ヘルプを表示するには "icc -help" と入力してください。
configure:2893: $? = 1
configure:2913: checking whether the C compiler works
configure:2935: icc    conftest.c  >&5
configure:2939: $? = 0
configure:2987: result: yes
configure:2990: checking for C compiler default output file name
configure:2992: result: a.out
configure:2998: checking for suffix of executables
configure:3005: icc -o conftest    conftest.c  >&5
configure:3009: $? = 0
configure:3031: result: 
configure:3053: checking whether we are cross compiling
configure:3061: icc -o conftest    conftest.c  >&5
configure:3065: $? = 0
configure:3072: ./conftest
configure:3076: $? = 0
configure:3091: result: no
configure:3096: checking for suffix of object files
configure:3118: icc -c   conftest.c >&5
configure:3122: $? = 0
configure:3143: result: o
configure:3147: checking whether we are using the GNU C compiler
configure:3166: icc -c   conftest.c >&5
configure:3166: $? = 0
configure:3175: result: yes
configure:3184: checking whether icc accepts -g
configure:3204: icc -c -g  conftest.c >&5
configure:3204: $? = 0
configure:3245: result: yes
configure:3262: checking for icc option to accept ISO C89
configure:3325: icc  -c -g -O2  conftest.c >&5
configure:3325: $? = 0
configure:3338: result: none needed
configure:3369: checking for style of include used by make
configure:3397: result: GNU
configure:3423: checking dependency style of icc
configure:3534: result: gcc3
configure:3550: checking whether icc and cc understand -c and -o together
configure:3581: icc -c conftest.c -o conftest2.o >&5
configure:3585: $? = 0
configure:3591: icc -c conftest.c -o conftest2.o >&5
configure:3595: $? = 0
configure:3606: cc -c conftest.c >&5
configure:3610: $? = 0
configure:3618: cc -c conftest.c -o conftest2.o >&5
configure:3622: $? = 0
configure:3628: cc -c conftest.c -o conftest2.o >&5
configure:3632: $? = 0
configure:3650: result: yes
configure:3679: checking for main in -lX11
configure:3698: icc -o conftest -g -O2   conftest.c -lX11   >&5
configure:3698: $? = 0
configure:3707: result: yes
configure:3718: checking for main in -lpthread
configure:3737: icc -o conftest -g -O2   conftest.c -lpthread  -lX11  >&5
configure:3737: $? = 0
configure:3746: result: yes
configure:3757: checking for main in -limf
configure:3776: icc -o conftest -g -O2   conftest.c -limf  -lpthread -lX11  >&5
configure:3776: $? = 0
configure:3785: result: yes
configure:3803: checking how to run the C preprocessor
configure:3834: icc -E  conftest.c
configure:3834: $? = 0
configure:3848: icc -E  conftest.c
conftest.c(14): エラー #2379: ソース ファイル "ac_nonexistent.h" を開けません。
  #include <ac_nonexistent.h>
                             ^

configure:3848: $? = 2
configure: failed program was:
| /* confdefs.h */
| #define PACKAGE_NAME "PB"
| #define PACKAGE_TARNAME "pb"
| #define PACKAGE_VERSION "1.0"
| #define PACKAGE_STRING "PB 1.0"
| #define PACKAGE_BUGREPORT ""
| #define PACKAGE_URL ""
| #define PACKAGE "pb"
| #define VERSION "1.0"
| #define HAVE_LIBX11 1
| #define HAVE_LIBPTHREAD 1
| #define HAVE_LIBIMF 1
| /* end confdefs.h.  */
| #include <ac_nonexistent.h>
configure:3873: result: icc -E
configure:3893: icc -E  conftest.c
configure:3893: $? = 0
configure:3907: icc -E  conftest.c
conftest.c(14): エラー #2379: ソース ファイル "ac_nonexistent.h" を開けません。
  #include <ac_nonexistent.h>
                             ^

configure:3907: $? = 2
configure: failed program was:
| /* confdefs.h */
| #define PACKAGE_NAME "PB"
| #define PACKAGE_TARNAME "pb"
| #define PACKAGE_VERSION "1.0"
| #define PACKAGE_STRING "PB 1.0"
| #define PACKAGE_BUGREPORT ""
| #define PACKAGE_URL ""
| #define PACKAGE "pb"
| #define VERSION "1.0"
| #define HAVE_LIBX11 1
| #define HAVE_LIBPTHREAD 1
| #define HAVE_LIBIMF 1
| /* end confdefs.h.  */
| #include <ac_nonexistent.h>
configure:3936: checking for grep that handles long lines and -e
configure:3994: result: /usr/bin/grep
configure:3999: checking for egrep
configure:4061: result: /usr/bin/grep -E
configure:4066: checking for ANSI C header files
configure:4086: icc -c -g -O2  conftest.c >&5
configure:4086: $? = 0
configure:4159: icc -o conftest -g -O2   conftest.c -limf -lpthread -lX11  >&5
configure:4159: $? = 0
configure:4159: ./conftest
configure:4159: $? = 0
configure:4170: result: yes
configure:4183: checking for sys/types.h
configure:4183: icc -c -g -O2  conftest.c >&5
configure:4183: $? = 0
configure:4183: result: yes
configure:4183: checking for sys/stat.h
configure:4183: icc -c -g -O2  conftest.c >&5
configure:4183: $? = 0
configure:4183: result: yes
configure:4183: checking for stdlib.h
configure:4183: icc -c -g -O2  conftest.c >&5
configure:4183: $? = 0
configure:4183: result: yes
configure:4183: checking for string.h
configure:4183: icc -c -g -O2  conftest.c >&5
configure:4183: $? = 0
configure:4183: result: yes
configure:4183: checking for memory.h
configure:4183: icc -c -g -O2  conftest.c >&5
configure:4183: $? = 0
configure:4183: result: yes
configure:4183: checking for strings.h
configure:4183: icc -c -g -O2  conftest.c >&5
configure:4183: $? = 0
configure:4183: result: yes
configure:4183: checking for inttypes.h
configure:4183: icc -c -g -O2  conftest.c >&5
configure:4183: $? = 0
configure:4183: result: yes
configure:4183: checking for stdint.h
configure:4183: icc -c -g -O2  conftest.c >&5
configure:4183: $? = 0
configure:4183: result: yes
configure:4183: checking for unistd.h
configure:4183: icc -c -g -O2  conftest.c >&5
configure:4183: $? = 0
configure:4183: result: yes
configure:4198: checking limits.h usability
configure:4198: icc -c -g -O2  conftest.c >&5
configure:4198: $? = 0
configure:4198: result: yes
configure:4198: checking limits.h presence
configure:4198: icc -E  conftest.c
configure:4198: $? = 0
configure:4198: result: yes
configure:4198: checking for limits.h
configure:4198: result: yes
configure:4198: checking for stdlib.h
configure:4198: result: yes
configure:4198: checking for string.h
configure:4198: result: yes
configure:4198: checking mathimf.h usability
configure:4198: icc -c -g -O2  conftest.c >&5
configure:4198: $? = 0
configure:4198: result: yes
configure:4198: checking mathimf.h presence
configure:4198: icc -E  conftest.c
configure:4198: $? = 0
configure:4198: result: yes
configure:4198: checking for mathimf.h
configure:4198: result: yes
configure:4198: checking mkl.h usability
configure:4198: icc -c -g -O2  conftest.c >&5
configure:4198: $? = 0
configure:4198: result: yes
configure:4198: checking mkl.h presence
configure:4198: icc -E  conftest.c
configure:4198: $? = 0
configure:4198: result: yes
configure:4198: checking for mkl.h
configure:4198: result: yes
configure:4210: checking for an ANSI C-conforming const
configure:4276: icc -c -g -O2  conftest.c >&5
configure:4276: $? = 0
configure:4283: result: yes
configure:4291: checking for stdbool.h that conforms to C99
configure:4358: icc -c -g -O2  conftest.c >&5
configure:4358: $? = 0
configure:4365: result: yes
configure:4367: checking for _Bool
configure:4367: icc -c -g -O2  conftest.c >&5
configure:4367: $? = 0
configure:4367: icc -c -g -O2  conftest.c >&5
conftest.c(65): エラー: 式を指定してください。
  if (sizeof ((_Bool)))
                     ^

コンパイルは conftest.c で異常終了しました (コード 2)。
configure:4367: $? = 2
configure: failed program was:
| /* confdefs.h */
| #define PACKAGE_NAME "PB"
| #define PACKAGE_TARNAME "pb"
| #define PACKAGE_VERSION "1.0"
| #define PACKAGE_STRING "PB 1.0"
| #define PACKAGE_BUGREPORT ""
| #define PACKAGE_URL ""
| #define PACKAGE "pb"
| #define VERSION "1.0"
| #define HAVE_LIBX11 1
| #define HAVE_LIBPTHREAD 1
| #define HAVE_LIBIMF 1
| #define STDC_HEADERS 1
| #define HAVE_SYS_TYPES_H 1
| #define HAVE_SYS_STAT_H 1
| #define HAVE_STDLIB_H 1
| #define HAVE_STRING_H 1
| #define HAVE_MEMORY_H 1
| #define HAVE_STRINGS_H 1
| #define HAVE_INTTYPES_H 1
| #define HAVE_STDINT_H 1
| #define HAVE_UNISTD_H 1
| #define HAVE_LIMITS_H 1
| #define HAVE_STDLIB_H 1
| #define HAVE_STRING_H 1
| #define HAVE_MATHIMF_H 1
| #define HAVE_MKL_H 1
| /* end confdefs.h.  */
| #include <stdio.h>
| #ifdef HAVE_SYS_TYPES_H
| # include <sys/types.h>
| #endif
| #ifdef HAVE_SYS_STAT_H
| # include <sys/stat.h>
| #endif
| #ifdef STDC_HEADERS
| # include <stdlib.h>
| # include <stddef.h>
| #else
| # ifdef HAVE_STDLIB_H
| #  include <stdlib.h>
| # endif
| #endif
| #ifdef HAVE_STRING_H
| # if !defined STDC_HEADERS && defined HAVE_MEMORY_H
| #  include <memory.h>
| # endif
| # include <string.h>
| #endif
| #ifdef HAVE_STRINGS_H
| # include <strings.h>
| #endif
| #ifdef HAVE_INTTYPES_H
| # include <inttypes.h>
| #endif
| #ifdef HAVE_STDINT_H
| # include <stdint.h>
| #endif
| #ifdef HAVE_UNISTD_H
| # include <unistd.h>
| #endif
| int
| main ()
| {
| if (sizeof ((_Bool)))
| 	    return 0;
|   ;
|   return 0;
| }
configure:4367: result: yes
configure:4389: checking for floor
configure:4389: icc -o conftest -g -O2   conftest.c -limf -lpthread -lX11  >&5
configure:4389: $? = 0
configure:4389: result: yes
configure:4389: checking for exp
configure:4389: icc -o conftest -g -O2   conftest.c -limf -lpthread -lX11  >&5
configure:4389: $? = 0
configure:4389: result: yes
configure:4389: checking for pow
configure:4389: icc -o conftest -g -O2   conftest.c -limf -lpthread -lX11  >&5
configure:4389: $? = 0
configure:4389: result: yes
configure:4389: checking for sqrt
configure:4389: icc -o conftest -g -O2   conftest.c -limf -lpthread -lX11  >&5
configure:4389: $? = 0
configure:4389: result: yes
configure:4389: checking for sin
configure:4389: icc -o conftest -g -O2   conftest.c -limf -lpthread -lX11  >&5
configure:4389: $? = 0
configure:4389: result: yes
configure:4389: checking for cos
configure:4389: icc -o conftest -g -O2   conftest.c -limf -lpthread -lX11  >&5
configure:4389: $? = 0
configure:4389: result: yes
configure:4389: checking for tan
configure:4389: icc -o conftest -g -O2   conftest.c -limf -lpthread -lX11  >&5
configure:4389: $? = 0
configure:4389: result: yes
configure:4511: checking that generated files are newer than configure
configure:4517: result: done
configure:4540: creating ./config.status

## ---------------------- ##
## Running config.status. ##
## ---------------------- ##

This file was extended by PB config.status 1.0, which was
generated by GNU Autoconf 2.69.  Invocation command line was

  CONFIG_FILES    = 
  CONFIG_HEADERS  = 
  CONFIG_LINKS    = 
  CONFIG_COMMANDS = 
  $ ./config.status 

on cardiac

config.status:869: creating Makefile
config.status:869: creating config.h
config.status:1050: config.h is unchanged
config.status:1098: executing depfiles commands

## ---------------- ##
## Cache variables. ##
## ---------------- ##

ac_cv_c_compiler_gnu=yes
ac_cv_c_const=yes
ac_cv_env_CC_set=
ac_cv_env_CC_value=
ac_cv_env_CFLAGS_set=
ac_cv_env_CFLAGS_value=
ac_cv_env_CPPFLAGS_set=
ac_cv_env_CPPFLAGS_value=
ac_cv_env_CPP_set=
ac_cv_env_CPP_value=
ac_cv_env_LDFLAGS_set=
ac_cv_env_LDFLAGS_value=
ac_cv_env_LIBS_set=
ac_cv_env_LIBS_value=
ac_cv_env_build_alias_set=
ac_cv_env_build_alias_value=
ac_cv_env_host_alias_set=
ac_cv_env_host_alias_value=
ac_cv_env_target_alias_set=
ac_cv_env_target_alias_value=
ac_cv_func_cos=yes
ac_cv_func_exp=yes
ac_cv_func_floor=yes
ac_cv_func_pow=yes
ac_cv_func_sin=yes
ac_cv_func_sqrt=yes
ac_cv_func_tan=yes
ac_cv_header_inttypes_h=yes
ac_cv_header_limits_h=yes
ac_cv_header_mathimf_h=yes
ac_cv_header_memory_h=yes
ac_cv_header_mkl_h=yes
ac_cv_header_stdbool_h=yes
ac_cv_header_stdc=yes
ac_cv_header_stdint_h=yes
ac_cv_header_stdlib_h=yes
ac_cv_header_string_h=yes
ac_cv_header_strings_h=yes
ac_cv_header_sys_stat_h=yes
ac_cv_header_sys_types_h=yes
ac_cv_header_unistd_h=yes
ac_cv_lib_X11_main=yes
ac_cv_lib_imf_main=yes
ac_cv_lib_pthread_main=yes
ac_cv_objext=o
ac_cv_path_EGREP='/usr/bin/grep -E'
ac_cv_path_GREP=/usr/bin/grep
ac_cv_path_install='/usr/bin/install -c'
ac_cv_path_mkdir=/usr/bin/mkdir
ac_cv_prog_AWK=gawk
ac_cv_prog_CPP='icc -E'
ac_cv_prog_ac_ct_CC=icc
ac_cv_prog_cc_c89=
ac_cv_prog_cc_g=yes
ac_cv_prog_cc_icc_c_o=yes
ac_cv_prog_make_make_set=yes
ac_cv_type__Bool=yes
am_cv_CC_dependencies_compiler_type=gcc3
am_cv_make_support_nested_variables=yes

## ----------------- ##
## Output variables. ##
## ----------------- ##

ACLOCAL='aclocal-1.13'
AMDEPBACKSLASH='\'
AMDEP_FALSE='#'
AMDEP_TRUE=''
AMTAR='$${TAR-tar}'
AM_BACKSLASH='\'
AM_DEFAULT_V='$(AM_DEFAULT_VERBOSITY)'
AM_DEFAULT_VERBOSITY='1'
AM_V='$(V)'
AUTOCONF='autoconf'
AUTOHEADER='autoheader'
AUTOMAKE='automake-1.13'
AWK='gawk'
CC='icc'
CCDEPMODE='depmode=gcc3'
CFLAGS='-g -O2'
CPP='icc -E'
CPPFLAGS=''
CYGPATH_W='echo'
DEFS='-DHAVE_CONFIG_H'
DEPDIR='.deps'
ECHO_C=''
ECHO_N='-n'
ECHO_T=''
EGREP='/usr/bin/grep -E'
EXEEXT=''
GREP='/usr/bin/grep'
INSTALL_DATA='${INSTALL} -m 644'
INSTALL_PROGRAM='${INSTALL}'
INSTALL_SCRIPT='${INSTALL}'
INSTALL_STRIP_PROGRAM='$(install_sh) -c -s'
LDFLAGS=''
LIBOBJS=''
LIBS='-limf -lpthread -lX11 '
LTLIBOBJS=''
MAKEINFO='makeinfo'
MKDIR_P='/usr/bin/mkdir -p'
OBJEXT='o'
PACKAGE='pb'
PACKAGE_BUGREPORT=''
PACKAGE_NAME='PB'
PACKAGE_STRING='PB 1.0'
PACKAGE_TARNAME='pb'
PACKAGE_URL=''
PACKAGE_VERSION='1.0'
PATH_SEPARATOR=':'
SET_MAKE=''
SHELL='/bin/sh'
STRIP=''
VERSION='1.0'
ac_ct_CC='icc'
am__EXEEXT_FALSE=''
am__EXEEXT_TRUE='#'
am__fastdepCC_FALSE='#'
am__fastdepCC_TRUE=''
am__include='include'
am__isrc=''
am__leading_dot='.'
am__nodep='_no'
am__quote=''
am__tar='$${TAR-tar} chof - "$$tardir"'
am__untar='$${TAR-tar} xf -'
bindir='${exec_prefix}/bin'
build_alias=''
datadir='${datarootdir}'
datarootdir='${prefix}/share'
docdir='${datarootdir}/doc/${PACKAGE_TARNAME}'
dvidir='${docdir}'
exec_prefix='${prefix}'
host_alias=''
htmldir='${docdir}'
includedir='${prefix}/include'
infodir='${datarootdir}/info'
install_sh='${SHELL} /home/tsumoto/work/AP_model/PB_ver20160205/install-sh'
libdir='${exec_prefix}/lib'
libexecdir='${exec_prefix}/libexec'
localedir='${datarootdir}/locale'
localstatedir='${prefix}/var'
mandir='${datarootdir}/man'
mkdir_p='$(MKDIR_P)'
oldincludedir='/usr/include'
pdfdir='${docdir}'
prefix='/usr/local'
program_transform_name='s,x,x,'
psdir='${docdir}'
sbindir='${exec_prefix}/sbin'
sharedstatedir='${prefix}/com'
sysconfdir='${prefix}/etc'
target_alias=''

## ----------- ##
## confdefs.h. ##
## ----------- ##

/* confdefs.h */
#define PACKAGE_NAME "PB"
#define PACKAGE_TARNAME "pb"
#define PACKAGE_VERSION "1.0"
#define PACKAGE_STRING "PB 1.0"
#define PACKAGE_BUGREPORT ""
#define PACKAGE_URL ""
#define PACKAGE "pb"
#define VERSION "1.0"
#define HAVE_LIBX11 1
#define HAVE_LIBPTHREAD 1
#define HAVE_LIBIMF 1
#define STDC_HEADERS 1
#define HAVE_SYS_TYPES_H 1
#define HAVE_SYS_STAT_H 1
#define HAVE_STDLIB_H 1
#define HAVE_STRING_H 1
#define HAVE_MEMORY_H 1
#define HAVE_STRINGS_H 1
#define HAVE_INTTYPES_H 1
#define HAVE_STDINT_H 1
#define HAVE_UNISTD_H 1
#define HAVE_LIMITS_H 1
#define HAVE_STDLIB_H 1
#define HAVE_STRING_H 1
#define HAVE_MATHIMF_H 1
#define HAVE_MKL_H 1
#define HAVE__BOOL 1
#define HAVE_STDBOOL_H 1
#define HAVE_FLOOR 1
#define HAVE_EXP 1
#define HAVE_POW 1
#define HAVE_SQRT 1
#define HAVE_SIN 1
#define HAVE_COS 1
#define HAVE_TAN 1

configure: exit 0

## ---------------------- ##
## Running config.status. ##
## ---------------------- ##

This file was extended by PB config.status 1.0, which was
generated by GNU Autoconf 2.69.  Invocation command line was

  CONFIG_FILES    = 
  CONFIG_HEADERS  = 
  CONFIG_LINKS    = 
  CONFIG_COMMANDS = 
  $ ./config.status Makefile depfiles

on cardiac

config.status:869: creating Makefile
config.status:1098: executing depfiles commands

## ---------------------- ##
## Running config.status. ##
## ---------------------- ##

This file was extended by PB config.status 1.0, which was
generated by GNU Autoconf 2.69.  Invocation command line was

  CONFIG_FILES    = 
  CONFIG_HEADERS  = 
  CONFIG_LINKS    = 
  CONFIG_COMMANDS = 
  $ ./config.status Makefile depfiles

on cardiac

config.status:869: creating Makefile
config.status:1098: executing depfiles commands
